{"C:\\Users\\Admin\\Desktop\\Coder Catalyst\\session 8\\Testing\\src\\game_logics\\herobase.ts": {"path":"C:\\Users\\Admin\\Desktop\\Coder Catalyst\\session 8\\Testing\\src\\game_logics\\herobase.ts","statementMap":{"0":{"start":{"line":2,"column":33},"end":{"line":2,"column":45}},"1":{"start":{"line":2,"column":54},"end":{"line":2,"column":68}},"2":{"start":{"line":2,"column":77},"end":{"line":2,"column":91}},"3":{"start":{"line":5,"column":8},"end":{"line":5,"column":37}},"4":{"start":{"line":1,"column":0},"end":{"line":1,"column":22}}},"fnMap":{"0":{"name":"(anonymous_0)","decl":{"start":{"line":2,"column":4},"end":{"line":2,"column":33}},"loc":{"start":{"line":2,"column":91},"end":{"line":3,"column":5}}},"1":{"name":"(anonymous_1)","decl":{"start":{"line":4,"column":4},"end":{"line":4,"column":10}},"loc":{"start":{"line":4,"column":27},"end":{"line":6,"column":5}}}},"branchMap":{},"s":{"0":1,"1":1,"2":1,"3":1,"4":1},"f":{"0":1,"1":1},"b":{}}
,"C:\\Users\\Admin\\Desktop\\Coder Catalyst\\session 8\\Testing\\src\\game_logics\\heros\\knight.ts": {"path":"C:\\Users\\Admin\\Desktop\\Coder Catalyst\\session 8\\Testing\\src\\game_logics\\heros\\knight.ts","statementMap":{"0":{"start":{"line":1,"column":0},"end":{"line":1,"column":37}},"1":{"start":{"line":4,"column":8},"end":{"line":4,"column":29}},"2":{"start":{"line":3,"column":37},"end":{"line":3,"column":51}},"3":{"start":{"line":5,"column":8},"end":{"line":5,"column":25}},"4":{"start":{"line":8,"column":8},"end":{"line":8,"column":26}},"5":{"start":{"line":11,"column":8},"end":{"line":11,"column":41}},"6":{"start":{"line":12,"column":8},"end":{"line":12,"column":25}},"7":{"start":{"line":2,"column":0},"end":{"line":2,"column":13}}},"fnMap":{"0":{"name":"(anonymous_0)","decl":{"start":{"line":3,"column":4},"end":{"line":3,"column":16}},"loc":{"start":{"line":3,"column":51},"end":{"line":6,"column":5}}},"1":{"name":"(anonymous_1)","decl":{"start":{"line":7,"column":4},"end":{"line":7,"column":10}},"loc":{"start":{"line":7,"column":10},"end":{"line":9,"column":5}}},"2":{"name":"(anonymous_2)","decl":{"start":{"line":10,"column":4},"end":{"line":10,"column":14}},"loc":{"start":{"line":10,"column":31},"end":{"line":13,"column":5}}}},"branchMap":{},"s":{"0":1,"1":1,"2":1,"3":1,"4":0,"5":0,"6":0,"7":1},"f":{"0":1,"1":0,"2":0},"b":{}}
}
